<?xml version="1.0" encoding="UTF-8"?>
<testsuite name="tests.UITest" tests="1" skipped="0" failures="0" errors="0" timestamp="2020-11-03T21:02:17" hostname="DESKTOP-N8MO4T4" time="30.603">
  <properties/>
  <testcase name="testOrderProced" classname="tests.UITest" time="30.603"/>
  <system-out><![CDATA[T-shirt, Color: White
30.00
Element not found
continue testing...
]]></system-out>
  <system-err><![CDATA[SLF4J: Failed to load class "org.slf4j.impl.StaticLoggerBinder".
SLF4J: Defaulting to no-operation (NOP) logger implementation
SLF4J: See http://www.slf4j.org/codes.html#StaticLoggerBinder for further details.
Starting ChromeDriver 86.0.4240.22 (398b0743353ff36fb1b82468f63a3a93b4e2e89e-refs/branch-heads/4240@{#378}) on port 16652
Only local connections are allowed.
Please see https://chromedriver.chromium.org/security-considerations for suggestions on keeping ChromeDriver safe.
ChromeDriver was started successfully.
nov 03, 2020 6:02:21 PM org.openqa.selenium.remote.ProtocolHandshake createSession
INFO: Detected dialect: W3C
]]></system-err>
</testsuite>
